Build started 3/21/2018 2:20:43 PM.
     1>Project "C:\Users\mkell\documents\visual studio 2010\Projects\EET247_LAB_2B\EET247_LAB_2B\EET247_LAB_2B.vcxproj" on node 2 (build target(s)).
     1>InitializeBuildStatus:
         Creating "Debug\EET247_LAB_2B.unsuccessfulbuild" because "AlwaysCreate" was specified.
       ClCompile:
         C:\Program Files (x86)\Microsoft Visual Studio 10.0\VC\bin\CL.exe /c /ZI /nologo /W3 /WX- /Od /Oy- /D _MBCS /Gm /EHsc /RTC1 /MDd /GS /fp:precise /Zc:wchar_t /Zc:forScope /Fo"Debug\\" /Fd"Debug\vc100.pdb" /Gd /TP /analyze- /errorReport:prompt EET247_LAB_2B.cpp
         EET247_LAB_2B.cpp
     1>c:\users\mkell\documents\visual studio 2010\projects\eet247_lab_2b\eet247_lab_2b\eet247_lab_2b.cpp(79): warning C4996: 'scanf': This function or variable may be unsafe. Consider using scanf_s instead. To disable deprecation, use _CRT_SECURE_NO_WARNINGS. See online help for details.
                 c:\program files (x86)\microsoft visual studio 10.0\vc\include\stdio.h(304) : see declaration of 'scanf'
     1>c:\users\mkell\documents\visual studio 2010\projects\eet247_lab_2b\eet247_lab_2b\eet247_lab_2b.cpp(80): warning C4996: 'scanf': This function or variable may be unsafe. Consider using scanf_s instead. To disable deprecation, use _CRT_SECURE_NO_WARNINGS. See online help for details.
                 c:\program files (x86)\microsoft visual studio 10.0\vc\include\stdio.h(304) : see declaration of 'scanf'
     1>c:\users\mkell\documents\visual studio 2010\projects\eet247_lab_2b\eet247_lab_2b\eet247_lab_2b.cpp(81): warning C4996: 'scanf': This function or variable may be unsafe. Consider using scanf_s instead. To disable deprecation, use _CRT_SECURE_NO_WARNINGS. See online help for details.
                 c:\program files (x86)\microsoft visual studio 10.0\vc\include\stdio.h(304) : see declaration of 'scanf'
     1>c:\users\mkell\documents\visual studio 2010\projects\eet247_lab_2b\eet247_lab_2b\eet247_lab_2b.cpp(82): warning C4996: 'scanf': This function or variable may be unsafe. Consider using scanf_s instead. To disable deprecation, use _CRT_SECURE_NO_WARNINGS. See online help for details.
                 c:\program files (x86)\microsoft visual studio 10.0\vc\include\stdio.h(304) : see declaration of 'scanf'
       Link:
         C:\Program Files (x86)\Microsoft Visual Studio 10.0\VC\bin\link.exe /ERRORREPORT:PROMPT /OUT:"C:\Users\mkell\documents\visual studio 2010\Projects\EET247_LAB_2B\Debug\EET247_LAB_2B.exe" /NOLOGO kernel32.lib user32.lib gdi32.lib winspool.lib comdlg32.lib advapi32.lib shell32.lib ole32.lib oleaut32.lib uuid.lib odbc32.lib odbccp32.lib /MANIFEST /ManifestFile:"Debug\EET247_LAB_2B.exe.intermediate.manifest" /MANIFESTUAC:"level='asInvoker' uiAccess='false'" /DEBUG /PDB:"C:\Users\mkell\documents\visual studio 2010\Projects\EET247_LAB_2B\Debug\EET247_LAB_2B.pdb" /TLBID:1 /DYNAMICBASE /NXCOMPAT /IMPLIB:"C:\Users\mkell\documents\visual studio 2010\Projects\EET247_LAB_2B\Debug\EET247_LAB_2B.lib" /MACHINE:X86 Debug\EET247_LAB_2B.obj
         LINK : C:\Users\mkell\documents\visual studio 2010\Projects\EET247_LAB_2B\Debug\EET247_LAB_2B.exe not found or not built by the last incremental link; performing full link
         EET247_LAB_2B.vcxproj -> C:\Users\mkell\documents\visual studio 2010\Projects\EET247_LAB_2B\Debug\EET247_LAB_2B.exe
       Manifest:
         C:\Program Files (x86)\Microsoft SDKs\Windows\v7.0A\bin\mt.exe /nologo /verbose /outputresource:"C:\Users\mkell\documents\visual studio 2010\Projects\EET247_LAB_2B\Debug\EET247_LAB_2B.exe;#1" /manifest Debug\EET247_LAB_2B.exe.intermediate.manifest
       FinalizeBuildStatus:
         Deleting file "Debug\EET247_LAB_2B.unsuccessfulbuild".
         Touching "Debug\EET247_LAB_2B.lastbuildstate".
     1>Done Building Project "C:\Users\mkell\documents\visual studio 2010\Projects\EET247_LAB_2B\EET247_LAB_2B\EET247_LAB_2B.vcxproj" (build target(s)).

Build succeeded.

Time Elapsed 00:00:00.99
