Build started 2/13/2018 7:40:41 PM.
     1>Project "C:\Users\mkell\documents\visual studio 2010\Projects\EET247_LAB_C\EET247_LAB_C\EET247_LAB_C.vcxproj" on node 2 (build target(s)).
     1>PrepareForBuild:
         Creating directory "C:\Users\mkell\documents\visual studio 2010\Projects\EET247_LAB_C\Release\".
       InitializeBuildStatus:
         Creating "Release\EET247_LAB_C.unsuccessfulbuild" because "AlwaysCreate" was specified.
       ClCompile:
         C:\Program Files (x86)\Microsoft Visual Studio 10.0\VC\bin\CL.exe /c /Zi /nologo /W3 /WX- /O2 /Oi /Oy- /GL /D _MBCS /Gm- /EHsc /MD /GS /Gy /fp:precise /Zc:wchar_t /Zc:forScope /Fo"Release\\" /Fd"Release\vc100.pdb" /Gd /TP /analyze- /errorReport:prompt EET247_LAB_C.cpp
         EET247_LAB_C.cpp
     1>EET247_LAB_C.cpp(19): warning C4996: 'scanf': This function or variable may be unsafe. Consider using scanf_s instead. To disable deprecation, use _CRT_SECURE_NO_WARNINGS. See online help for details.
                 C:\Program Files (x86)\Microsoft Visual Studio 10.0\VC\include\stdio.h(304) : see declaration of 'scanf'
     1>EET247_LAB_C.cpp(21): warning C4996: 'scanf': This function or variable may be unsafe. Consider using scanf_s instead. To disable deprecation, use _CRT_SECURE_NO_WARNINGS. See online help for details.
                 C:\Program Files (x86)\Microsoft Visual Studio 10.0\VC\include\stdio.h(304) : see declaration of 'scanf'
       Link:
         C:\Program Files (x86)\Microsoft Visual Studio 10.0\VC\bin\link.exe /ERRORREPORT:PROMPT /OUT:"C:\Users\mkell\documents\visual studio 2010\Projects\EET247_LAB_C\Release\EET247_LAB_C.exe" /NOLOGO kernel32.lib user32.lib gdi32.lib winspool.lib comdlg32.lib advapi32.lib shell32.lib ole32.lib oleaut32.lib uuid.lib odbc32.lib odbccp32.lib /MANIFEST /ManifestFile:"Release\EET247_LAB_C.exe.intermediate.manifest" /MANIFESTUAC:"level='asInvoker' uiAccess='false'" /DEBUG /PDB:"C:\Users\mkell\documents\visual studio 2010\Projects\EET247_LAB_C\Release\EET247_LAB_C.pdb" /OPT:REF /OPT:ICF /LTCG /TLBID:1 /DYNAMICBASE /NXCOMPAT /IMPLIB:"C:\Users\mkell\documents\visual studio 2010\Projects\EET247_LAB_C\Release\EET247_LAB_C.lib" /MACHINE:X86 Release\EET247_LAB_C.obj
         Generating code
         Finished generating code
         EET247_LAB_C.vcxproj -> C:\Users\mkell\documents\visual studio 2010\Projects\EET247_LAB_C\Release\EET247_LAB_C.exe
       Manifest:
         C:\Program Files (x86)\Microsoft SDKs\Windows\v7.0A\bin\mt.exe /nologo /verbose /outputresource:"C:\Users\mkell\documents\visual studio 2010\Projects\EET247_LAB_C\Release\EET247_LAB_C.exe;#1" /manifest Release\EET247_LAB_C.exe.intermediate.manifest
       FinalizeBuildStatus:
         Deleting file "Release\EET247_LAB_C.unsuccessfulbuild".
         Touching "Release\EET247_LAB_C.lastbuildstate".
     1>Done Building Project "C:\Users\mkell\documents\visual studio 2010\Projects\EET247_LAB_C\EET247_LAB_C\EET247_LAB_C.vcxproj" (build target(s)).

Build succeeded.

Time Elapsed 00:00:00.80
